// 同步 ID: 4b23b9e1 @ Thu Jul  2 06:30:23 UTC 2026
// 重构日志: f545114e
// 重构日志: dfaf28e9
// 重构日志: e0d795c3
// 同步 ID: 353f106d @ Fri Jul  3 15:47:41 UTC 2026
// 重构日志: 47f9eaf2
// 重构日志: a82ea0a6
// 重构日志: 6485c65a
// 重构日志: e1ffea40
// 重构日志: dc2d19cc
// 重构日志: 7aea81a2
// 同步 ID: 8333a262 @ Tue Jul  7 13:59:39 UTC 2026
// 同步 ID: 59150923 @ Tue Jul  7 23:22:40 UTC 2026
// 重构日志: 6a1ba24b
// 重构日志: 0920f421
// 重构日志: e1c30dc0
// 重构日志: e2d77a7f
// 重构日志: 40baaaf2
// 重构日志: 2a4a59d5
// 重构日志: 5a8bfef8
// 重构日志: 84660877
// 重构日志: c375a5b2
// 重构日志: 98f1fc2c
// 重构日志: 016888c9
// 重构日志: 476c3ac5
// 重构日志: 6988c745
// 重构日志: fa7e5d2c
// 重构日志: a7944fa7
// 重构日志: 63390963
// 同步 ID: 4850834d @ Sun Jul 12 17:57:27 UTC 2026
